<?xml version="1.0" encoding="UTF-8"?>
<!-- Generated by org.testng.reporters.JUnitXMLReporter -->
<testsuite ignored="0" hostname="Surve" failures="0" tests="3" name="Submit Order Test" time="23.481" errors="0" timestamp="2025-01-19T23:12:19 IST">
  <testcase classname="Tests.SubmitOrderTest" name="submitOrder" time="6.692"/>
  <testcase classname="Tests.SubmitOrderTest" name="submitOrder" time="6.97"/>
  <testcase classname="Tests.SubmitOrderTest" name="OrderHistoryTest" time="0.711"/>
</testsuite> <!-- Submit Order Test -->
