<?xml version="1.0" encoding="UTF-8"?>
<!-- Generated by org.testng.reporters.JUnitXMLReporter -->
<testsuite ignored="0" hostname="Surve" failures="0" tests="3" name="Submit Order Test" time="27.67" errors="0" timestamp="2025-01-19T23:36:01 IST">
  <testcase classname="Tests.SubmitOrderTest" name="submitOrder" time="6.975"/>
  <testcase classname="Tests.SubmitOrderTest" name="submitOrder" time="6.504"/>
  <testcase classname="Tests.SubmitOrderTest" name="OrderHistoryTest" time="0.628"/>
</testsuite> <!-- Submit Order Test -->
