<?xml version="1.0" encoding="UTF-8"?>
<testng-results ignored="0" total="4" passed="4" failed="0" skipped="0">
  <reporter-output>
  </reporter-output>
  <suite started-at="2025-01-19T23:35:33 IST" name="Suite" finished-at="2025-01-19T23:36:03 IST" duration-ms="30027">
    <groups>
      <group name="Purchase">
        <method signature="SubmitOrderTest.submitOrder(java.util.HashMap)[pri:0, instance:Tests.SubmitOrderTest@46d59067]" name="submitOrder" class="Tests.SubmitOrderTest"/>
      </group> <!-- Purchase -->
    </groups>
    <test started-at="2025-01-19T23:35:33 IST" name="Submit Order Test" finished-at="2025-01-19T23:36:01 IST" duration-ms="27670">
      <class name="Tests.SubmitOrderTest">
        <test-method is-config="true" signature="launchApplication()[pri:0, instance:Tests.SubmitOrderTest@46d59067]" started-at="2025-01-19T23:35:33 IST" name="launchApplication" finished-at="2025-01-19T23:35:40 IST" duration-ms="6693" status="PASS">
          <reporter-output>
          </reporter-output>
        </test-method> <!-- launchApplication -->
        <test-method signature="submitOrder(java.util.HashMap)[pri:0, instance:Tests.SubmitOrderTest@46d59067]" started-at="2025-01-19T23:35:40 IST" name="submitOrder" data-provider="getData" finished-at="2025-01-19T23:35:47 IST" duration-ms="6975" status="PASS">
          <params>
            <param index="0">
              <value>
                <![CDATA[{password=Password1, product=IPHONE 13 PRO, email=suhanee@khanderkar.com}]]>
              </value>
            </param>
          </params>
          <reporter-output>
          </reporter-output>
        </test-method> <!-- submitOrder -->
        <test-method is-config="true" signature="tearDown()[pri:0, instance:Tests.SubmitOrderTest@46d59067]" started-at="2025-01-19T23:35:47 IST" name="tearDown" finished-at="2025-01-19T23:35:47 IST" duration-ms="306" status="PASS">
          <reporter-output>
          </reporter-output>
        </test-method> <!-- tearDown -->
        <test-method is-config="true" signature="launchApplication()[pri:0, instance:Tests.SubmitOrderTest@46d59067]" started-at="2025-01-19T23:35:47 IST" name="launchApplication" finished-at="2025-01-19T23:35:50 IST" duration-ms="2873" status="PASS">
          <reporter-output>
          </reporter-output>
        </test-method> <!-- launchApplication -->
        <test-method signature="submitOrder(java.util.HashMap)[pri:0, instance:Tests.SubmitOrderTest@46d59067]" started-at="2025-01-19T23:35:50 IST" name="submitOrder" data-provider="getData" finished-at="2025-01-19T23:35:57 IST" duration-ms="6504" status="PASS">
          <params>
            <param index="0">
              <value>
                <![CDATA[{password=Password1, product=BANARSI SAREE, email=nirmeet@khanderkar.com}]]>
              </value>
            </param>
          </params>
          <reporter-output>
          </reporter-output>
        </test-method> <!-- submitOrder -->
        <test-method is-config="true" signature="tearDown()[pri:0, instance:Tests.SubmitOrderTest@46d59067]" started-at="2025-01-19T23:35:57 IST" name="tearDown" finished-at="2025-01-19T23:35:57 IST" duration-ms="283" status="PASS">
          <reporter-output>
          </reporter-output>
        </test-method> <!-- tearDown -->
        <test-method is-config="true" signature="launchApplication()[pri:0, instance:Tests.SubmitOrderTest@46d59067]" started-at="2025-01-19T23:35:57 IST" name="launchApplication" finished-at="2025-01-19T23:36:00 IST" duration-ms="2923" status="PASS">
          <reporter-output>
          </reporter-output>
        </test-method> <!-- launchApplication -->
        <test-method signature="OrderHistoryTest()[pri:0, instance:Tests.SubmitOrderTest@46d59067]" started-at="2025-01-19T23:36:00 IST" name="OrderHistoryTest" finished-at="2025-01-19T23:36:01 IST" depends-on-methods="Tests.SubmitOrderTest.submitOrder" duration-ms="628" status="PASS">
          <reporter-output>
          </reporter-output>
        </test-method> <!-- OrderHistoryTest -->
        <test-method is-config="true" signature="tearDown()[pri:0, instance:Tests.SubmitOrderTest@46d59067]" started-at="2025-01-19T23:36:01 IST" name="tearDown" finished-at="2025-01-19T23:36:01 IST" duration-ms="231" status="PASS">
          <reporter-output>
          </reporter-output>
        </test-method> <!-- tearDown -->
      </class> <!-- Tests.SubmitOrderTest -->
    </test> <!-- Submit Order Test -->
    <test started-at="2025-01-19T23:36:01 IST" name="Error Validations Test" finished-at="2025-01-19T23:36:03 IST" duration-ms="1872">
      <class name="Tests.ErrorValidationsTest">
        <test-method is-config="true" signature="launchApplication()[pri:0, instance:Tests.ErrorValidationsTest@3cce57c7]" started-at="2025-01-19T23:36:01 IST" name="launchApplication" finished-at="2025-01-19T23:36:02 IST" duration-ms="1083" status="PASS">
          <reporter-output>
          </reporter-output>
        </test-method> <!-- launchApplication -->
        <test-method signature="submitOrder()[pri:0, instance:Tests.ErrorValidationsTest@3cce57c7]" started-at="2025-01-19T23:36:02 IST" name="submitOrder" finished-at="2025-01-19T23:36:03 IST" duration-ms="581" status="PASS">
          <reporter-output>
          </reporter-output>
        </test-method> <!-- submitOrder -->
        <test-method is-config="true" signature="tearDown()[pri:0, instance:Tests.ErrorValidationsTest@3cce57c7]" started-at="2025-01-19T23:36:03 IST" name="tearDown" finished-at="2025-01-19T23:36:03 IST" duration-ms="204" status="PASS">
          <reporter-output>
          </reporter-output>
        </test-method> <!-- tearDown -->
      </class> <!-- Tests.ErrorValidationsTest -->
    </test> <!-- Error Validations Test -->
  </suite> <!-- Suite -->
</testng-results>
