<?xml version="1.0" encoding="UTF-8"?>
<testng-results ignored="0" total="4" passed="4" failed="0" skipped="0">
  <reporter-output>
  </reporter-output>
  <suite started-at="2025-01-19T23:11:55 IST" name="Suite" finished-at="2025-01-19T23:12:21 IST" duration-ms="26082">
    <groups>
      <group name="Purchase">
        <method signature="SubmitOrderTest.submitOrder(java.util.HashMap)[pri:0, instance:Tests.SubmitOrderTest@4167d97b]" name="submitOrder" class="Tests.SubmitOrderTest"/>
      </group> <!-- Purchase -->
    </groups>
    <test started-at="2025-01-19T23:11:55 IST" name="Submit Order Test" finished-at="2025-01-19T23:12:19 IST" duration-ms="23481">
      <class name="Tests.SubmitOrderTest">
        <test-method is-config="true" signature="launchApplication()[pri:0, instance:Tests.SubmitOrderTest@4167d97b]" started-at="2025-01-19T23:11:55 IST" name="launchApplication" finished-at="2025-01-19T23:12:00 IST" duration-ms="4278" status="PASS">
          <reporter-output>
          </reporter-output>
        </test-method> <!-- launchApplication -->
        <test-method signature="submitOrder(java.util.HashMap)[pri:0, instance:Tests.SubmitOrderTest@4167d97b]" started-at="2025-01-19T23:12:00 IST" name="submitOrder" data-provider="getData" finished-at="2025-01-19T23:12:06 IST" duration-ms="6692" status="PASS">
          <params>
            <param index="0">
              <value>
                <![CDATA[{password=Password1, product=IPHONE 13 PRO, email=suhanee@khanderkar.com}]]>
              </value>
            </param>
          </params>
          <reporter-output>
          </reporter-output>
        </test-method> <!-- submitOrder -->
        <test-method is-config="true" signature="tearDown()[pri:0, instance:Tests.SubmitOrderTest@4167d97b]" started-at="2025-01-19T23:12:06 IST" name="tearDown" finished-at="2025-01-19T23:12:07 IST" duration-ms="251" status="PASS">
          <reporter-output>
          </reporter-output>
        </test-method> <!-- tearDown -->
        <test-method is-config="true" signature="launchApplication()[pri:0, instance:Tests.SubmitOrderTest@4167d97b]" started-at="2025-01-19T23:12:07 IST" name="launchApplication" finished-at="2025-01-19T23:12:08 IST" duration-ms="1408" status="PASS">
          <reporter-output>
          </reporter-output>
        </test-method> <!-- launchApplication -->
        <test-method signature="submitOrder(java.util.HashMap)[pri:0, instance:Tests.SubmitOrderTest@4167d97b]" started-at="2025-01-19T23:12:08 IST" name="submitOrder" data-provider="getData" finished-at="2025-01-19T23:12:15 IST" duration-ms="6970" status="PASS">
          <params>
            <param index="0">
              <value>
                <![CDATA[{password=Password1, product=BANARSI SAREE, email=nirmeet@khanderkar.com}]]>
              </value>
            </param>
          </params>
          <reporter-output>
          </reporter-output>
        </test-method> <!-- submitOrder -->
        <test-method is-config="true" signature="tearDown()[pri:0, instance:Tests.SubmitOrderTest@4167d97b]" started-at="2025-01-19T23:12:15 IST" name="tearDown" finished-at="2025-01-19T23:12:15 IST" duration-ms="246" status="PASS">
          <reporter-output>
          </reporter-output>
        </test-method> <!-- tearDown -->
        <test-method is-config="true" signature="launchApplication()[pri:0, instance:Tests.SubmitOrderTest@4167d97b]" started-at="2025-01-19T23:12:15 IST" name="launchApplication" finished-at="2025-01-19T23:12:18 IST" duration-ms="2481" status="PASS">
          <reporter-output>
          </reporter-output>
        </test-method> <!-- launchApplication -->
        <test-method signature="OrderHistoryTest()[pri:0, instance:Tests.SubmitOrderTest@4167d97b]" started-at="2025-01-19T23:12:18 IST" name="OrderHistoryTest" finished-at="2025-01-19T23:12:19 IST" depends-on-methods="Tests.SubmitOrderTest.submitOrder" duration-ms="711" status="PASS">
          <reporter-output>
          </reporter-output>
        </test-method> <!-- OrderHistoryTest -->
        <test-method is-config="true" signature="tearDown()[pri:0, instance:Tests.SubmitOrderTest@4167d97b]" started-at="2025-01-19T23:12:19 IST" name="tearDown" finished-at="2025-01-19T23:12:19 IST" duration-ms="204" status="PASS">
          <reporter-output>
          </reporter-output>
        </test-method> <!-- tearDown -->
      </class> <!-- Tests.SubmitOrderTest -->
    </test> <!-- Submit Order Test -->
    <test started-at="2025-01-19T23:12:19 IST" name="Error Validations Test" finished-at="2025-01-19T23:12:21 IST" duration-ms="2268">
      <class name="Tests.ErrorValidationsTest">
        <test-method is-config="true" signature="launchApplication()[pri:0, instance:Tests.ErrorValidationsTest@4e423aa2]" started-at="2025-01-19T23:12:19 IST" name="launchApplication" finished-at="2025-01-19T23:12:21 IST" duration-ms="1544" status="PASS">
          <reporter-output>
          </reporter-output>
        </test-method> <!-- launchApplication -->
        <test-method signature="submitOrder()[pri:0, instance:Tests.ErrorValidationsTest@4e423aa2]" started-at="2025-01-19T23:12:21 IST" name="submitOrder" finished-at="2025-01-19T23:12:21 IST" duration-ms="533" status="PASS">
          <reporter-output>
          </reporter-output>
        </test-method> <!-- submitOrder -->
        <test-method is-config="true" signature="tearDown()[pri:0, instance:Tests.ErrorValidationsTest@4e423aa2]" started-at="2025-01-19T23:12:21 IST" name="tearDown" finished-at="2025-01-19T23:12:21 IST" duration-ms="186" status="PASS">
          <reporter-output>
          </reporter-output>
        </test-method> <!-- tearDown -->
      </class> <!-- Tests.ErrorValidationsTest -->
    </test> <!-- Error Validations Test -->
  </suite> <!-- Suite -->
</testng-results>
